\BOOKMARK [1][-]{section.1}{Introduction and Motivation}{}% 1
\BOOKMARK [1][-]{section.2}{Background}{}% 2
\BOOKMARK [2][-]{subsection.2.1}{Finite Elements}{section.2}% 3
\BOOKMARK [2][-]{subsection.2.2}{Model Adaptivity}{section.2}% 4
\BOOKMARK [1][-]{section.3}{Mathematical Formulation}{}% 5
\BOOKMARK [2][-]{subsection.3.1}{Laplace's equation}{section.3}% 6
\BOOKMARK [3][-]{subsubsection.3.1.1}{Problem Statement}{subsection.3.1}% 7
\BOOKMARK [3][-]{subsubsection.3.1.2}{Weak Formulation}{subsection.3.1}% 8
\BOOKMARK [3][-]{subsubsection.3.1.3}{Well-Posedness}{subsection.3.1}% 9
\BOOKMARK [2][-]{subsection.3.2}{Stokes Equations}{section.3}% 10
\BOOKMARK [3][-]{subsubsection.3.2.1}{Problem Statement}{subsection.3.2}% 11
\BOOKMARK [3][-]{subsubsection.3.2.2}{Weak Formulation}{subsection.3.2}% 12
\BOOKMARK [3][-]{subsubsection.3.2.3}{Well Posedness of the continuous problem}{subsection.3.2}% 13
\BOOKMARK [3][-]{subsubsection.3.2.4}{Well-posedness of the discrete problem}{subsection.3.2}% 14
\BOOKMARK [3][-]{subsubsection.3.2.5}{Stability bounds}{subsection.3.2}% 15
\BOOKMARK [2][-]{subsection.3.3}{Combined Problem}{section.3}% 16
\BOOKMARK [3][-]{subsubsection.3.3.1}{Problem Statement}{subsection.3.3}% 17
\BOOKMARK [3][-]{subsubsection.3.3.2}{Weak Formulation}{subsection.3.3}% 18
\BOOKMARK [3][-]{subsubsection.3.3.3}{Well-Posedness}{subsection.3.3}% 19
\BOOKMARK [1][-]{section.4}{A-posteriori Analysis}{}% 20
\BOOKMARK [2][-]{subsection.4.1}{Abstract Problems-Framework}{section.4}% 21
\BOOKMARK [3][-]{subsubsection.4.1.1}{Abstract Variational Problem}{subsection.4.1}% 22
\BOOKMARK [3][-]{subsubsection.4.1.2}{Abstract Discrete Problem}{subsection.4.1}% 23
\BOOKMARK [3][-]{subsubsection.4.1.3}{Residual a-posteriori estimates}{subsection.4.1}% 24
\BOOKMARK [2][-]{subsection.4.2}{Stokes Problem}{section.4}% 25
\BOOKMARK [3][-]{subsubsection.4.2.1}{Stokes Problem Variational formulation}{subsection.4.2}% 26
\BOOKMARK [3][-]{subsubsection.4.2.2}{Stokes FE approximation}{subsection.4.2}% 27
\BOOKMARK [3][-]{subsubsection.4.2.3}{Stokes: A-posteriori Estimate}{subsection.4.2}% 28
\BOOKMARK [2][-]{subsection.4.3}{A-Posteriori for combined problem}{section.4}% 29
\BOOKMARK [3][-]{subsubsection.4.3.1}{Variational formulation}{subsection.4.3}% 30
\BOOKMARK [3][-]{subsubsection.4.3.2}{Well-Posedness}{subsection.4.3}% 31
\BOOKMARK [3][-]{subsubsection.4.3.3}{A-posteriori indicator}{subsection.4.3}% 32
\BOOKMARK [3][-]{subsubsection.4.3.4}{Implementation}{subsection.4.3}% 33
\BOOKMARK [1][-]{section.5}{Deal.II}{}% 34
\BOOKMARK [2][-]{subsection.5.1}{Tests}{section.5}% 35
\BOOKMARK [3][-]{subsubsection.5.1.1}{Stokes Model}{subsection.5.1}% 36
\BOOKMARK [3][-]{subsubsection.5.1.2}{Combined Model with fixed Interface}{subsection.5.1}% 37
\BOOKMARK [2][-]{subsection.5.2}{Computational results}{section.5}% 38
\BOOKMARK [3][-]{subsubsection.5.2.1}{Stokes model}{subsection.5.2}% 39
\BOOKMARK [3][-]{subsubsection.5.2.2}{Combined model with fixed interface}{subsection.5.2}% 40
\BOOKMARK [2][-]{subsection.5.3}{Discussion}{section.5}% 41
\BOOKMARK [1][-]{section.6}{Concluding remarks and next steps}{}% 42
